{"/home/mehdi/Bureau/ENSIIE-S3/UE_SOFTWARE_TESTING/TP2/tp-jest/sum.js": {"path":"/home/mehdi/Bureau/ENSIIE-S3/UE_SOFTWARE_TESTING/TP2/tp-jest/sum.js","statementMap":{"0":{"start":{"line":2,"column":2},"end":{"line":2,"column":15}},"1":{"start":{"line":4,"column":0},"end":{"line":4,"column":21}}},"fnMap":{"0":{"name":"sum","decl":{"start":{"line":1,"column":9},"end":{"line":1,"column":12}},"loc":{"start":{"line":1,"column":19},"end":{"line":3,"column":1}},"line":1}},"branchMap":{},"s":{"0":1,"1":1},"f":{"0":1},"b":{},"_coverageSchema":"43e27e138ebf9cfc5966b082cf9a028302ed4184","hash":"3891509eac14b86424f2174f56aadc44a06b1be5"}
,"/home/mehdi/Bureau/ENSIIE-S3/UE_SOFTWARE_TESTING/TP2/tp-jest/src/interval.js": {"path":"/home/mehdi/Bureau/ENSIIE-S3/UE_SOFTWARE_TESTING/TP2/tp-jest/src/interval.js","statementMap":{"0":{"start":{"line":3,"column":8},"end":{"line":3,"column":27}},"1":{"start":{"line":4,"column":8},"end":{"line":4,"column":22}},"2":{"start":{"line":8,"column":8},"end":{"line":8,"column":55}},"3":{"start":{"line":26,"column":8},"end":{"line":26,"column":70}},"4":{"start":{"line":46,"column":1},"end":{"line":46,"column":63}},"5":{"start":{"line":67,"column":11},"end":{"line":67,"column":13}},"6":{"start":{"line":69,"column":1},"end":{"line":109,"column":2}},"7":{"start":{"line":71,"column":2},"end":{"line":72,"column":32}},"8":{"start":{"line":71,"column":33},"end":{"line":71,"column":52}},"9":{"start":{"line":72,"column":8},"end":{"line":72,"column":31}},"10":{"start":{"line":74,"column":2},"end":{"line":75,"column":24}},"11":{"start":{"line":74,"column":29},"end":{"line":74,"column":48}},"12":{"start":{"line":75,"column":8},"end":{"line":75,"column":23}},"13":{"start":{"line":77,"column":15},"end":{"line":77,"column":39}},"14":{"start":{"line":79,"column":2},"end":{"line":82,"column":3}},"15":{"start":{"line":79,"column":14},"end":{"line":79,"column":26}},"16":{"start":{"line":81,"column":3},"end":{"line":81,"column":15}},"17":{"start":{"line":83,"column":2},"end":{"line":83,"column":13}},"18":{"start":{"line":86,"column":6},"end":{"line":109,"column":2}},"19":{"start":{"line":88,"column":2},"end":{"line":96,"column":3}},"20":{"start":{"line":90,"column":17},"end":{"line":90,"column":51}},"21":{"start":{"line":91,"column":17},"end":{"line":91,"column":59}},"22":{"start":{"line":95,"column":17},"end":{"line":95,"column":59}},"23":{"start":{"line":98,"column":2},"end":{"line":101,"column":3}},"24":{"start":{"line":98,"column":14},"end":{"line":98,"column":27}},"25":{"start":{"line":100,"column":3},"end":{"line":100,"column":15}},"26":{"start":{"line":103,"column":2},"end":{"line":106,"column":3}},"27":{"start":{"line":103,"column":14},"end":{"line":103,"column":27}},"28":{"start":{"line":105,"column":3},"end":{"line":105,"column":15}},"29":{"start":{"line":108,"column":2},"end":{"line":108,"column":13}},"30":{"start":{"line":130,"column":11},"end":{"line":130,"column":13}},"31":{"start":{"line":132,"column":1},"end":{"line":152,"column":27}},"32":{"start":{"line":134,"column":2},"end":{"line":137,"column":3}},"33":{"start":{"line":134,"column":14},"end":{"line":134,"column":28}},"34":{"start":{"line":136,"column":3},"end":{"line":136,"column":15}},"35":{"start":{"line":139,"column":2},"end":{"line":139,"column":13}},"36":{"start":{"line":142,"column":6},"end":{"line":152,"column":27}},"37":{"start":{"line":144,"column":2},"end":{"line":147,"column":3}},"38":{"start":{"line":144,"column":14},"end":{"line":144,"column":28}},"39":{"start":{"line":146,"column":3},"end":{"line":146,"column":15}},"40":{"start":{"line":149,"column":2},"end":{"line":149,"column":13}},"41":{"start":{"line":152,"column":7},"end":{"line":152,"column":14}},"42":{"start":{"line":152,"column":15},"end":{"line":152,"column":26}},"43":{"start":{"line":174,"column":11},"end":{"line":174,"column":13}},"44":{"start":{"line":176,"column":1},"end":{"line":205,"column":3}},"45":{"start":{"line":181,"column":3},"end":{"line":184,"column":4}},"46":{"start":{"line":181,"column":15},"end":{"line":181,"column":25}},"47":{"start":{"line":183,"column":4},"end":{"line":183,"column":16}},"48":{"start":{"line":186,"column":3},"end":{"line":189,"column":4}},"49":{"start":{"line":186,"column":15},"end":{"line":186,"column":27}},"50":{"start":{"line":188,"column":4},"end":{"line":188,"column":16}},"51":{"start":{"line":190,"column":3},"end":{"line":190,"column":14}},"52":{"start":{"line":193,"column":6},"end":{"line":205,"column":3}},"53":{"start":{"line":195,"column":3},"end":{"line":198,"column":4}},"54":{"start":{"line":195,"column":15},"end":{"line":195,"column":25}},"55":{"start":{"line":197,"column":4},"end":{"line":197,"column":16}},"56":{"start":{"line":200,"column":3},"end":{"line":203,"column":4}},"57":{"start":{"line":200,"column":15},"end":{"line":200,"column":29}},"58":{"start":{"line":202,"column":4},"end":{"line":202,"column":16}},"59":{"start":{"line":204,"column":3},"end":{"line":204,"column":14}},"60":{"start":{"line":210,"column":0},"end":{"line":210,"column":26}}},"fnMap":{"0":{"name":"(anonymous_0)","decl":{"start":{"line":2,"column":4},"end":{"line":2,"column":5}},"loc":{"start":{"line":2,"column":28},"end":{"line":5,"column":5}},"line":2},"1":{"name":"(anonymous_1)","decl":{"start":{"line":7,"column":4},"end":{"line":7,"column":5}},"loc":{"start":{"line":7,"column":15},"end":{"line":9,"column":5}},"line":7},"2":{"name":"(anonymous_2)","decl":{"start":{"line":25,"column":4},"end":{"line":25,"column":5}},"loc":{"start":{"line":25,"column":23},"end":{"line":27,"column":5}},"line":25},"3":{"name":"(anonymous_3)","decl":{"start":{"line":45,"column":4},"end":{"line":45,"column":5}},"loc":{"start":{"line":45,"column":23},"end":{"line":47,"column":5}},"line":45},"4":{"name":"(anonymous_4)","decl":{"start":{"line":64,"column":4},"end":{"line":64,"column":5}},"loc":{"start":{"line":64,"column":20},"end":{"line":110,"column":5}},"line":64},"5":{"name":"(anonymous_5)","decl":{"start":{"line":128,"column":4},"end":{"line":128,"column":5}},"loc":{"start":{"line":128,"column":27},"end":{"line":154,"column":5}},"line":128},"6":{"name":"(anonymous_6)","decl":{"start":{"line":172,"column":4},"end":{"line":172,"column":5}},"loc":{"start":{"line":172,"column":24},"end":{"line":207,"column":1}},"line":172}},"branchMap":{"0":{"loc":{"start":{"line":26,"column":15},"end":{"line":26,"column":69}},"type":"binary-expr","locations":[{"start":{"line":26,"column":15},"end":{"line":26,"column":40}},{"start":{"line":26,"column":44},"end":{"line":26,"column":69}}],"line":26},"1":{"loc":{"start":{"line":46,"column":8},"end":{"line":46,"column":62}},"type":"binary-expr","locations":[{"start":{"line":46,"column":8},"end":{"line":46,"column":31}},{"start":{"line":46,"column":35},"end":{"line":46,"column":62}}],"line":46},"2":{"loc":{"start":{"line":69,"column":1},"end":{"line":109,"column":2}},"type":"if","locations":[{"start":{"line":69,"column":1},"end":{"line":109,"column":2}},{"start":{"line":69,"column":1},"end":{"line":109,"column":2}}],"line":69},"3":{"loc":{"start":{"line":71,"column":2},"end":{"line":72,"column":32}},"type":"if","locations":[{"start":{"line":71,"column":2},"end":{"line":72,"column":32}},{"start":{"line":71,"column":2},"end":{"line":72,"column":32}}],"line":71},"4":{"loc":{"start":{"line":74,"column":2},"end":{"line":75,"column":24}},"type":"if","locations":[{"start":{"line":74,"column":2},"end":{"line":75,"column":24}},{"start":{"line":74,"column":2},"end":{"line":75,"column":24}}],"line":74},"5":{"loc":{"start":{"line":86,"column":6},"end":{"line":109,"column":2}},"type":"if","locations":[{"start":{"line":86,"column":6},"end":{"line":109,"column":2}},{"start":{"line":86,"column":6},"end":{"line":109,"column":2}}],"line":86},"6":{"loc":{"start":{"line":88,"column":2},"end":{"line":96,"column":3}},"type":"if","locations":[{"start":{"line":88,"column":2},"end":{"line":96,"column":3}},{"start":{"line":88,"column":2},"end":{"line":96,"column":3}}],"line":88},"7":{"loc":{"start":{"line":88,"column":5},"end":{"line":88,"column":61}},"type":"binary-expr","locations":[{"start":{"line":88,"column":5},"end":{"line":88,"column":32}},{"start":{"line":88,"column":36},"end":{"line":88,"column":61}}],"line":88},"8":{"loc":{"start":{"line":132,"column":1},"end":{"line":152,"column":27}},"type":"if","locations":[{"start":{"line":132,"column":1},"end":{"line":152,"column":27}},{"start":{"line":132,"column":1},"end":{"line":152,"column":27}}],"line":132},"9":{"loc":{"start":{"line":142,"column":6},"end":{"line":152,"column":27}},"type":"if","locations":[{"start":{"line":142,"column":6},"end":{"line":152,"column":27}},{"start":{"line":142,"column":6},"end":{"line":152,"column":27}}],"line":142},"10":{"loc":{"start":{"line":176,"column":1},"end":{"line":205,"column":3}},"type":"if","locations":[{"start":{"line":176,"column":1},"end":{"line":205,"column":3}},{"start":{"line":176,"column":1},"end":{"line":205,"column":3}}],"line":176},"11":{"loc":{"start":{"line":193,"column":6},"end":{"line":205,"column":3}},"type":"if","locations":[{"start":{"line":193,"column":6},"end":{"line":205,"column":3}},{"start":{"line":193,"column":6},"end":{"line":205,"column":3}}],"line":193}},"s":{"0":31,"1":31,"2":0,"3":12,"4":7,"5":2,"6":2,"7":1,"8":1,"9":0,"10":1,"11":1,"12":0,"13":1,"14":1,"15":1,"16":5,"17":1,"18":1,"19":1,"20":1,"21":1,"22":0,"23":1,"24":1,"25":3,"26":1,"27":1,"28":4,"29":1,"30":4,"31":4,"32":1,"33":1,"34":4,"35":1,"36":3,"37":2,"38":2,"39":7,"40":2,"41":1,"42":1,"43":2,"44":2,"45":1,"46":1,"47":1,"48":1,"49":1,"50":2,"51":1,"52":1,"53":1,"54":1,"55":3,"56":1,"57":1,"58":3,"59":1,"60":1},"f":{"0":31,"1":0,"2":12,"3":7,"4":2,"5":4,"6":2},"b":{"0":[12,7],"1":[7,2],"2":[1,1],"3":[1,0],"4":[1,0],"5":[1,0],"6":[1,0],"7":[1,1],"8":[1,3],"9":[2,1],"10":[1,1],"11":[1,0]},"_coverageSchema":"43e27e138ebf9cfc5966b082cf9a028302ed4184","hash":"19865a0d02f9803ef2eddf3d1d0ed14c4312032e"}
,"/home/mehdi/Bureau/ENSIIE-S3/UE_SOFTWARE_TESTING/TP2/tp-jest/src/math.js": {"path":"/home/mehdi/Bureau/ENSIIE-S3/UE_SOFTWARE_TESTING/TP2/tp-jest/src/math.js","statementMap":{"0":{"start":{"line":1,"column":11},"end":{"line":1,"column":13}},"1":{"start":{"line":2,"column":0},"end":{"line":16,"column":2}},"2":{"start":{"line":3,"column":4},"end":{"line":5,"column":5}},"3":{"start":{"line":4,"column":8},"end":{"line":4,"column":17}},"4":{"start":{"line":7,"column":4},"end":{"line":9,"column":5}},"5":{"start":{"line":8,"column":8},"end":{"line":8,"column":27}},"6":{"start":{"line":11,"column":4},"end":{"line":13,"column":5}},"7":{"start":{"line":12,"column":8},"end":{"line":12,"column":29}},"8":{"start":{"line":15,"column":4},"end":{"line":15,"column":37}},"9":{"start":{"line":26,"column":0},"end":{"line":37,"column":2}},"10":{"start":{"line":27,"column":4},"end":{"line":29,"column":5}},"11":{"start":{"line":28,"column":8},"end":{"line":28,"column":21}},"12":{"start":{"line":30,"column":4},"end":{"line":32,"column":5}},"13":{"start":{"line":31,"column":8},"end":{"line":31,"column":49}},"14":{"start":{"line":33,"column":4},"end":{"line":34,"column":38}},"15":{"start":{"line":33,"column":17},"end":{"line":33,"column":18}},"16":{"start":{"line":34,"column":8},"end":{"line":34,"column":38}},"17":{"start":{"line":34,"column":25},"end":{"line":34,"column":38}},"18":{"start":{"line":35,"column":4},"end":{"line":35,"column":16}},"19":{"start":{"line":49,"column":0},"end":{"line":66,"column":2}},"20":{"start":{"line":51,"column":0},"end":{"line":53,"column":5}},"21":{"start":{"line":52,"column":8},"end":{"line":52,"column":40}},"22":{"start":{"line":55,"column":0},"end":{"line":57,"column":5}},"23":{"start":{"line":56,"column":8},"end":{"line":56,"column":40}},"24":{"start":{"line":58,"column":11},"end":{"line":58,"column":12}},"25":{"start":{"line":59,"column":13},"end":{"line":59,"column":14}},"26":{"start":{"line":60,"column":3},"end":{"line":64,"column":3}},"27":{"start":{"line":62,"column":6},"end":{"line":62,"column":38}},"28":{"start":{"line":62,"column":28},"end":{"line":62,"column":37}},"29":{"start":{"line":63,"column":6},"end":{"line":63,"column":10}},"30":{"start":{"line":65,"column":2},"end":{"line":65,"column":13}},"31":{"start":{"line":80,"column":0},"end":{"line":101,"column":2}},"32":{"start":{"line":81,"column":0},"end":{"line":100,"column":1}},"33":{"start":{"line":82,"column":8},"end":{"line":82,"column":54}},"34":{"start":{"line":86,"column":11},"end":{"line":86,"column":13}},"35":{"start":{"line":88,"column":1},"end":{"line":91,"column":2}},"36":{"start":{"line":88,"column":11},"end":{"line":88,"column":12}},"37":{"start":{"line":90,"column":2},"end":{"line":90,"column":14}},"38":{"start":{"line":93,"column":1},"end":{"line":98,"column":2}},"39":{"start":{"line":93,"column":11},"end":{"line":93,"column":12}},"40":{"start":{"line":95,"column":2},"end":{"line":97,"column":66}},"41":{"start":{"line":95,"column":46},"end":{"line":95,"column":64}},"42":{"start":{"line":96,"column":7},"end":{"line":97,"column":66}},"43":{"start":{"line":96,"column":51},"end":{"line":96,"column":65}},"44":{"start":{"line":97,"column":7},"end":{"line":97,"column":66}},"45":{"start":{"line":97,"column":51},"end":{"line":97,"column":65}},"46":{"start":{"line":99,"column":1},"end":{"line":99,"column":12}},"47":{"start":{"line":112,"column":0},"end":{"line":152,"column":2}},"48":{"start":{"line":142,"column":18},"end":{"line":142,"column":34}},"49":{"start":{"line":143,"column":14},"end":{"line":143,"column":16}},"50":{"start":{"line":144,"column":1},"end":{"line":150,"column":4}},"51":{"start":{"line":146,"column":11},"end":{"line":146,"column":26}},"52":{"start":{"line":147,"column":2},"end":{"line":147,"column":25}},"53":{"start":{"line":147,"column":16},"end":{"line":147,"column":24}},"54":{"start":{"line":148,"column":2},"end":{"line":148,"column":26}},"55":{"start":{"line":148,"column":17},"end":{"line":148,"column":25}},"56":{"start":{"line":149,"column":2},"end":{"line":149,"column":40}},"57":{"start":{"line":151,"column":1},"end":{"line":151,"column":17}},"58":{"start":{"line":155,"column":0},"end":{"line":155,"column":22}}},"fnMap":{"0":{"name":"(anonymous_0)","decl":{"start":{"line":2,"column":17},"end":{"line":2,"column":18}},"loc":{"start":{"line":2,"column":24},"end":{"line":16,"column":1}},"line":2},"1":{"name":"(anonymous_1)","decl":{"start":{"line":26,"column":15},"end":{"line":26,"column":16}},"loc":{"start":{"line":26,"column":28},"end":{"line":37,"column":1}},"line":26},"2":{"name":"(anonymous_2)","decl":{"start":{"line":49,"column":16},"end":{"line":49,"column":17}},"loc":{"start":{"line":49,"column":28},"end":{"line":66,"column":1}},"line":49},"3":{"name":"(anonymous_3)","decl":{"start":{"line":80,"column":16},"end":{"line":80,"column":17}},"loc":{"start":{"line":80,"column":28},"end":{"line":101,"column":1}},"line":80},"4":{"name":"(anonymous_4)","decl":{"start":{"line":112,"column":14},"end":{"line":112,"column":15}},"loc":{"start":{"line":112,"column":32},"end":{"line":152,"column":1}},"line":112},"5":{"name":"(anonymous_5)","decl":{"start":{"line":144,"column":22},"end":{"line":144,"column":23}},"loc":{"start":{"line":145,"column":1},"end":{"line":150,"column":2}},"line":145}},"branchMap":{"0":{"loc":{"start":{"line":3,"column":4},"end":{"line":5,"column":5}},"type":"if","locations":[{"start":{"line":3,"column":4},"end":{"line":5,"column":5}},{"start":{"line":3,"column":4},"end":{"line":5,"column":5}}],"line":3},"1":{"loc":{"start":{"line":7,"column":4},"end":{"line":9,"column":5}},"type":"if","locations":[{"start":{"line":7,"column":4},"end":{"line":9,"column":5}},{"start":{"line":7,"column":4},"end":{"line":9,"column":5}}],"line":7},"2":{"loc":{"start":{"line":11,"column":4},"end":{"line":13,"column":5}},"type":"if","locations":[{"start":{"line":11,"column":4},"end":{"line":13,"column":5}},{"start":{"line":11,"column":4},"end":{"line":13,"column":5}}],"line":11},"3":{"loc":{"start":{"line":27,"column":4},"end":{"line":29,"column":5}},"type":"if","locations":[{"start":{"line":27,"column":4},"end":{"line":29,"column":5}},{"start":{"line":27,"column":4},"end":{"line":29,"column":5}}],"line":27},"4":{"loc":{"start":{"line":27,"column":8},"end":{"line":27,"column":26}},"type":"binary-expr","locations":[{"start":{"line":27,"column":8},"end":{"line":27,"column":15}},{"start":{"line":27,"column":19},"end":{"line":27,"column":26}}],"line":27},"5":{"loc":{"start":{"line":30,"column":4},"end":{"line":32,"column":5}},"type":"if","locations":[{"start":{"line":30,"column":4},"end":{"line":32,"column":5}},{"start":{"line":30,"column":4},"end":{"line":32,"column":5}}],"line":30},"6":{"loc":{"start":{"line":34,"column":8},"end":{"line":34,"column":38}},"type":"if","locations":[{"start":{"line":34,"column":8},"end":{"line":34,"column":38}},{"start":{"line":34,"column":8},"end":{"line":34,"column":38}}],"line":34},"7":{"loc":{"start":{"line":51,"column":0},"end":{"line":53,"column":5}},"type":"if","locations":[{"start":{"line":51,"column":0},"end":{"line":53,"column":5}},{"start":{"line":51,"column":0},"end":{"line":53,"column":5}}],"line":51},"8":{"loc":{"start":{"line":55,"column":0},"end":{"line":57,"column":5}},"type":"if","locations":[{"start":{"line":55,"column":0},"end":{"line":57,"column":5}},{"start":{"line":55,"column":0},"end":{"line":57,"column":5}}],"line":55},"9":{"loc":{"start":{"line":62,"column":6},"end":{"line":62,"column":38}},"type":"if","locations":[{"start":{"line":62,"column":6},"end":{"line":62,"column":38}},{"start":{"line":62,"column":6},"end":{"line":62,"column":38}}],"line":62},"10":{"loc":{"start":{"line":81,"column":0},"end":{"line":100,"column":1}},"type":"if","locations":[{"start":{"line":81,"column":0},"end":{"line":100,"column":1}},{"start":{"line":81,"column":0},"end":{"line":100,"column":1}}],"line":81},"11":{"loc":{"start":{"line":95,"column":2},"end":{"line":97,"column":66}},"type":"if","locations":[{"start":{"line":95,"column":2},"end":{"line":97,"column":66}},{"start":{"line":95,"column":2},"end":{"line":97,"column":66}}],"line":95},"12":{"loc":{"start":{"line":95,"column":5},"end":{"line":95,"column":43}},"type":"binary-expr","locations":[{"start":{"line":95,"column":6},"end":{"line":95,"column":21}},{"start":{"line":95,"column":27},"end":{"line":95,"column":42}}],"line":95},"13":{"loc":{"start":{"line":96,"column":7},"end":{"line":97,"column":66}},"type":"if","locations":[{"start":{"line":96,"column":7},"end":{"line":97,"column":66}},{"start":{"line":96,"column":7},"end":{"line":97,"column":66}}],"line":96},"14":{"loc":{"start":{"line":96,"column":10},"end":{"line":96,"column":48}},"type":"binary-expr","locations":[{"start":{"line":96,"column":11},"end":{"line":96,"column":26}},{"start":{"line":96,"column":32},"end":{"line":96,"column":47}}],"line":96},"15":{"loc":{"start":{"line":97,"column":7},"end":{"line":97,"column":66}},"type":"if","locations":[{"start":{"line":97,"column":7},"end":{"line":97,"column":66}},{"start":{"line":97,"column":7},"end":{"line":97,"column":66}}],"line":97},"16":{"loc":{"start":{"line":97,"column":10},"end":{"line":97,"column":48}},"type":"binary-expr","locations":[{"start":{"line":97,"column":11},"end":{"line":97,"column":26}},{"start":{"line":97,"column":32},"end":{"line":97,"column":47}}],"line":97},"17":{"loc":{"start":{"line":147,"column":2},"end":{"line":147,"column":25}},"type":"if","locations":[{"start":{"line":147,"column":2},"end":{"line":147,"column":25}},{"start":{"line":147,"column":2},"end":{"line":147,"column":25}}],"line":147},"18":{"loc":{"start":{"line":148,"column":2},"end":{"line":148,"column":26}},"type":"if","locations":[{"start":{"line":148,"column":2},"end":{"line":148,"column":26}},{"start":{"line":148,"column":2},"end":{"line":148,"column":26}}],"line":148}},"s":{"0":1,"1":1,"2":11,"3":3,"4":8,"5":1,"6":7,"7":1,"8":6,"9":1,"10":18,"11":4,"12":14,"13":1,"14":13,"15":13,"16":81,"17":4,"18":9,"19":1,"20":4,"21":1,"22":3,"23":1,"24":2,"25":2,"26":2,"27":9,"28":5,"29":9,"30":2,"31":1,"32":3,"33":1,"34":2,"35":2,"36":2,"37":9,"38":2,"39":2,"40":9,"41":0,"42":9,"43":1,"44":8,"45":3,"46":2,"47":1,"48":2,"49":2,"50":2,"51":6,"52":6,"53":0,"54":6,"55":0,"56":6,"57":2,"58":1},"f":{"0":11,"1":18,"2":4,"3":3,"4":2,"5":6},"b":{"0":[3,8],"1":[1,7],"2":[1,6],"3":[4,14],"4":[18,15],"5":[1,13],"6":[4,77],"7":[1,3],"8":[1,2],"9":[5,4],"10":[1,2],"11":[0,9],"12":[9,1],"13":[1,8],"14":[9,1],"15":[3,5],"16":[8,8],"17":[0,6],"18":[0,6]},"_coverageSchema":"43e27e138ebf9cfc5966b082cf9a028302ed4184","hash":"4476b27f007974d2cdd3ddd7e2cc237558907486"}
}
