{"/home/mehdi/Bureau/ENSIIE-S3/UE_SOFTWARE_TESTING/TP2/tp-jest/sum.js": {"path":"/home/mehdi/Bureau/ENSIIE-S3/UE_SOFTWARE_TESTING/TP2/tp-jest/sum.js","statementMap":{"0":{"start":{"line":2,"column":2},"end":{"line":2,"column":15}},"1":{"start":{"line":4,"column":0},"end":{"line":4,"column":21}}},"fnMap":{"0":{"name":"sum","decl":{"start":{"line":1,"column":9},"end":{"line":1,"column":12}},"loc":{"start":{"line":1,"column":19},"end":{"line":3,"column":1}},"line":1}},"branchMap":{},"s":{"0":1,"1":1},"f":{"0":1},"b":{},"_coverageSchema":"43e27e138ebf9cfc5966b082cf9a028302ed4184","hash":"3891509eac14b86424f2174f56aadc44a06b1be5"}
,"/home/mehdi/Bureau/ENSIIE-S3/UE_SOFTWARE_TESTING/TP2/tp-jest/src/interval.js": {"path":"/home/mehdi/Bureau/ENSIIE-S3/UE_SOFTWARE_TESTING/TP2/tp-jest/src/interval.js","statementMap":{"0":{"start":{"line":3,"column":8},"end":{"line":3,"column":27}},"1":{"start":{"line":4,"column":8},"end":{"line":4,"column":22}},"2":{"start":{"line":8,"column":8},"end":{"line":8,"column":55}},"3":{"start":{"line":26,"column":8},"end":{"line":26,"column":70}},"4":{"start":{"line":46,"column":1},"end":{"line":46,"column":63}},"5":{"start":{"line":110,"column":0},"end":{"line":110,"column":26}}},"fnMap":{"0":{"name":"(anonymous_0)","decl":{"start":{"line":2,"column":4},"end":{"line":2,"column":5}},"loc":{"start":{"line":2,"column":28},"end":{"line":5,"column":5}},"line":2},"1":{"name":"(anonymous_1)","decl":{"start":{"line":7,"column":4},"end":{"line":7,"column":5}},"loc":{"start":{"line":7,"column":15},"end":{"line":9,"column":5}},"line":7},"2":{"name":"(anonymous_2)","decl":{"start":{"line":25,"column":4},"end":{"line":25,"column":5}},"loc":{"start":{"line":25,"column":23},"end":{"line":27,"column":5}},"line":25},"3":{"name":"(anonymous_3)","decl":{"start":{"line":45,"column":4},"end":{"line":45,"column":5}},"loc":{"start":{"line":45,"column":23},"end":{"line":47,"column":5}},"line":45},"4":{"name":"(anonymous_4)","decl":{"start":{"line":65,"column":4},"end":{"line":65,"column":5}},"loc":{"start":{"line":65,"column":20},"end":{"line":67,"column":5}},"line":65},"5":{"name":"(anonymous_5)","decl":{"start":{"line":85,"column":4},"end":{"line":85,"column":5}},"loc":{"start":{"line":85,"column":27},"end":{"line":87,"column":5}},"line":85},"6":{"name":"(anonymous_6)","decl":{"start":{"line":105,"column":4},"end":{"line":105,"column":5}},"loc":{"start":{"line":105,"column":24},"end":{"line":107,"column":1}},"line":105}},"branchMap":{"0":{"loc":{"start":{"line":26,"column":15},"end":{"line":26,"column":69}},"type":"binary-expr","locations":[{"start":{"line":26,"column":15},"end":{"line":26,"column":40}},{"start":{"line":26,"column":44},"end":{"line":26,"column":69}}],"line":26},"1":{"loc":{"start":{"line":46,"column":8},"end":{"line":46,"column":62}},"type":"binary-expr","locations":[{"start":{"line":46,"column":8},"end":{"line":46,"column":31}},{"start":{"line":46,"column":35},"end":{"line":46,"column":62}}],"line":46}},"s":{"0":12,"1":12,"2":0,"3":3,"4":3,"5":1},"f":{"0":12,"1":0,"2":3,"3":3,"4":0,"5":0,"6":0},"b":{"0":[3,3],"1":[3,1]},"_coverageSchema":"43e27e138ebf9cfc5966b082cf9a028302ed4184","hash":"5be45ad13a357452e0272ed74403184287d24e8e"}
,"/home/mehdi/Bureau/ENSIIE-S3/UE_SOFTWARE_TESTING/TP2/tp-jest/src/math.js": {"path":"/home/mehdi/Bureau/ENSIIE-S3/UE_SOFTWARE_TESTING/TP2/tp-jest/src/math.js","statementMap":{"0":{"start":{"line":1,"column":11},"end":{"line":1,"column":13}},"1":{"start":{"line":2,"column":0},"end":{"line":16,"column":2}},"2":{"start":{"line":3,"column":4},"end":{"line":5,"column":5}},"3":{"start":{"line":4,"column":8},"end":{"line":4,"column":17}},"4":{"start":{"line":7,"column":4},"end":{"line":9,"column":5}},"5":{"start":{"line":8,"column":8},"end":{"line":8,"column":27}},"6":{"start":{"line":11,"column":4},"end":{"line":13,"column":5}},"7":{"start":{"line":12,"column":8},"end":{"line":12,"column":29}},"8":{"start":{"line":15,"column":4},"end":{"line":15,"column":37}},"9":{"start":{"line":26,"column":0},"end":{"line":37,"column":2}},"10":{"start":{"line":27,"column":4},"end":{"line":29,"column":5}},"11":{"start":{"line":28,"column":8},"end":{"line":28,"column":21}},"12":{"start":{"line":30,"column":4},"end":{"line":32,"column":5}},"13":{"start":{"line":31,"column":8},"end":{"line":31,"column":49}},"14":{"start":{"line":33,"column":4},"end":{"line":34,"column":38}},"15":{"start":{"line":33,"column":17},"end":{"line":33,"column":18}},"16":{"start":{"line":34,"column":8},"end":{"line":34,"column":38}},"17":{"start":{"line":34,"column":25},"end":{"line":34,"column":38}},"18":{"start":{"line":35,"column":4},"end":{"line":35,"column":16}},"19":{"start":{"line":49,"column":0},"end":{"line":66,"column":2}},"20":{"start":{"line":51,"column":0},"end":{"line":53,"column":5}},"21":{"start":{"line":52,"column":8},"end":{"line":52,"column":40}},"22":{"start":{"line":55,"column":0},"end":{"line":57,"column":5}},"23":{"start":{"line":56,"column":8},"end":{"line":56,"column":40}},"24":{"start":{"line":58,"column":11},"end":{"line":58,"column":12}},"25":{"start":{"line":59,"column":13},"end":{"line":59,"column":14}},"26":{"start":{"line":60,"column":3},"end":{"line":64,"column":3}},"27":{"start":{"line":62,"column":6},"end":{"line":62,"column":38}},"28":{"start":{"line":62,"column":28},"end":{"line":62,"column":37}},"29":{"start":{"line":63,"column":6},"end":{"line":63,"column":10}},"30":{"start":{"line":65,"column":2},"end":{"line":65,"column":13}},"31":{"start":{"line":80,"column":0},"end":{"line":101,"column":2}},"32":{"start":{"line":81,"column":0},"end":{"line":100,"column":1}},"33":{"start":{"line":82,"column":8},"end":{"line":82,"column":54}},"34":{"start":{"line":86,"column":11},"end":{"line":86,"column":13}},"35":{"start":{"line":88,"column":1},"end":{"line":91,"column":2}},"36":{"start":{"line":88,"column":11},"end":{"line":88,"column":12}},"37":{"start":{"line":90,"column":2},"end":{"line":90,"column":14}},"38":{"start":{"line":93,"column":1},"end":{"line":98,"column":2}},"39":{"start":{"line":93,"column":11},"end":{"line":93,"column":12}},"40":{"start":{"line":95,"column":2},"end":{"line":97,"column":66}},"41":{"start":{"line":95,"column":46},"end":{"line":95,"column":64}},"42":{"start":{"line":96,"column":7},"end":{"line":97,"column":66}},"43":{"start":{"line":96,"column":51},"end":{"line":96,"column":65}},"44":{"start":{"line":97,"column":7},"end":{"line":97,"column":66}},"45":{"start":{"line":97,"column":51},"end":{"line":97,"column":65}},"46":{"start":{"line":99,"column":1},"end":{"line":99,"column":12}},"47":{"start":{"line":112,"column":0},"end":{"line":141,"column":2}},"48":{"start":{"line":115,"column":14},"end":{"line":115,"column":16}},"49":{"start":{"line":116,"column":11},"end":{"line":116,"column":28}},"50":{"start":{"line":117,"column":12},"end":{"line":117,"column":14}},"51":{"start":{"line":118,"column":17},"end":{"line":118,"column":19}},"52":{"start":{"line":119,"column":21},"end":{"line":119,"column":23}},"53":{"start":{"line":121,"column":1},"end":{"line":134,"column":2}},"54":{"start":{"line":121,"column":13},"end":{"line":121,"column":14}},"55":{"start":{"line":124,"column":2},"end":{"line":124,"column":26}},"56":{"start":{"line":127,"column":2},"end":{"line":133,"column":3}},"57":{"start":{"line":127,"column":14},"end":{"line":127,"column":15}},"58":{"start":{"line":129,"column":3},"end":{"line":129,"column":46}},"59":{"start":{"line":130,"column":3},"end":{"line":130,"column":27}},"60":{"start":{"line":131,"column":3},"end":{"line":131,"column":25}},"61":{"start":{"line":132,"column":3},"end":{"line":132,"column":57}},"62":{"start":{"line":136,"column":1},"end":{"line":139,"column":2}},"63":{"start":{"line":136,"column":13},"end":{"line":136,"column":14}},"64":{"start":{"line":138,"column":2},"end":{"line":138,"column":30}},"65":{"start":{"line":140,"column":1},"end":{"line":140,"column":15}},"66":{"start":{"line":144,"column":0},"end":{"line":144,"column":22}}},"fnMap":{"0":{"name":"(anonymous_0)","decl":{"start":{"line":2,"column":17},"end":{"line":2,"column":18}},"loc":{"start":{"line":2,"column":24},"end":{"line":16,"column":1}},"line":2},"1":{"name":"(anonymous_1)","decl":{"start":{"line":26,"column":15},"end":{"line":26,"column":16}},"loc":{"start":{"line":26,"column":28},"end":{"line":37,"column":1}},"line":26},"2":{"name":"(anonymous_2)","decl":{"start":{"line":49,"column":16},"end":{"line":49,"column":17}},"loc":{"start":{"line":49,"column":28},"end":{"line":66,"column":1}},"line":49},"3":{"name":"(anonymous_3)","decl":{"start":{"line":80,"column":16},"end":{"line":80,"column":17}},"loc":{"start":{"line":80,"column":28},"end":{"line":101,"column":1}},"line":80},"4":{"name":"(anonymous_4)","decl":{"start":{"line":112,"column":14},"end":{"line":112,"column":15}},"loc":{"start":{"line":112,"column":32},"end":{"line":141,"column":1}},"line":112}},"branchMap":{"0":{"loc":{"start":{"line":3,"column":4},"end":{"line":5,"column":5}},"type":"if","locations":[{"start":{"line":3,"column":4},"end":{"line":5,"column":5}},{"start":{"line":3,"column":4},"end":{"line":5,"column":5}}],"line":3},"1":{"loc":{"start":{"line":7,"column":4},"end":{"line":9,"column":5}},"type":"if","locations":[{"start":{"line":7,"column":4},"end":{"line":9,"column":5}},{"start":{"line":7,"column":4},"end":{"line":9,"column":5}}],"line":7},"2":{"loc":{"start":{"line":11,"column":4},"end":{"line":13,"column":5}},"type":"if","locations":[{"start":{"line":11,"column":4},"end":{"line":13,"column":5}},{"start":{"line":11,"column":4},"end":{"line":13,"column":5}}],"line":11},"3":{"loc":{"start":{"line":27,"column":4},"end":{"line":29,"column":5}},"type":"if","locations":[{"start":{"line":27,"column":4},"end":{"line":29,"column":5}},{"start":{"line":27,"column":4},"end":{"line":29,"column":5}}],"line":27},"4":{"loc":{"start":{"line":27,"column":8},"end":{"line":27,"column":26}},"type":"binary-expr","locations":[{"start":{"line":27,"column":8},"end":{"line":27,"column":15}},{"start":{"line":27,"column":19},"end":{"line":27,"column":26}}],"line":27},"5":{"loc":{"start":{"line":30,"column":4},"end":{"line":32,"column":5}},"type":"if","locations":[{"start":{"line":30,"column":4},"end":{"line":32,"column":5}},{"start":{"line":30,"column":4},"end":{"line":32,"column":5}}],"line":30},"6":{"loc":{"start":{"line":34,"column":8},"end":{"line":34,"column":38}},"type":"if","locations":[{"start":{"line":34,"column":8},"end":{"line":34,"column":38}},{"start":{"line":34,"column":8},"end":{"line":34,"column":38}}],"line":34},"7":{"loc":{"start":{"line":51,"column":0},"end":{"line":53,"column":5}},"type":"if","locations":[{"start":{"line":51,"column":0},"end":{"line":53,"column":5}},{"start":{"line":51,"column":0},"end":{"line":53,"column":5}}],"line":51},"8":{"loc":{"start":{"line":55,"column":0},"end":{"line":57,"column":5}},"type":"if","locations":[{"start":{"line":55,"column":0},"end":{"line":57,"column":5}},{"start":{"line":55,"column":0},"end":{"line":57,"column":5}}],"line":55},"9":{"loc":{"start":{"line":62,"column":6},"end":{"line":62,"column":38}},"type":"if","locations":[{"start":{"line":62,"column":6},"end":{"line":62,"column":38}},{"start":{"line":62,"column":6},"end":{"line":62,"column":38}}],"line":62},"10":{"loc":{"start":{"line":81,"column":0},"end":{"line":100,"column":1}},"type":"if","locations":[{"start":{"line":81,"column":0},"end":{"line":100,"column":1}},{"start":{"line":81,"column":0},"end":{"line":100,"column":1}}],"line":81},"11":{"loc":{"start":{"line":95,"column":2},"end":{"line":97,"column":66}},"type":"if","locations":[{"start":{"line":95,"column":2},"end":{"line":97,"column":66}},{"start":{"line":95,"column":2},"end":{"line":97,"column":66}}],"line":95},"12":{"loc":{"start":{"line":95,"column":5},"end":{"line":95,"column":43}},"type":"binary-expr","locations":[{"start":{"line":95,"column":6},"end":{"line":95,"column":21}},{"start":{"line":95,"column":27},"end":{"line":95,"column":42}}],"line":95},"13":{"loc":{"start":{"line":96,"column":7},"end":{"line":97,"column":66}},"type":"if","locations":[{"start":{"line":96,"column":7},"end":{"line":97,"column":66}},{"start":{"line":96,"column":7},"end":{"line":97,"column":66}}],"line":96},"14":{"loc":{"start":{"line":96,"column":10},"end":{"line":96,"column":48}},"type":"binary-expr","locations":[{"start":{"line":96,"column":11},"end":{"line":96,"column":26}},{"start":{"line":96,"column":32},"end":{"line":96,"column":47}}],"line":96},"15":{"loc":{"start":{"line":97,"column":7},"end":{"line":97,"column":66}},"type":"if","locations":[{"start":{"line":97,"column":7},"end":{"line":97,"column":66}},{"start":{"line":97,"column":7},"end":{"line":97,"column":66}}],"line":97},"16":{"loc":{"start":{"line":97,"column":10},"end":{"line":97,"column":48}},"type":"binary-expr","locations":[{"start":{"line":97,"column":11},"end":{"line":97,"column":26}},{"start":{"line":97,"column":32},"end":{"line":97,"column":47}}],"line":97}},"s":{"0":1,"1":1,"2":11,"3":3,"4":8,"5":1,"6":7,"7":1,"8":6,"9":1,"10":18,"11":4,"12":14,"13":1,"14":13,"15":13,"16":81,"17":4,"18":9,"19":1,"20":4,"21":1,"22":3,"23":1,"24":2,"25":2,"26":2,"27":9,"28":5,"29":9,"30":2,"31":1,"32":3,"33":1,"34":2,"35":2,"36":2,"37":9,"38":2,"39":2,"40":9,"41":0,"42":9,"43":1,"44":8,"45":3,"46":2,"47":1,"48":1,"49":1,"50":1,"51":1,"52":1,"53":1,"54":1,"55":4,"56":4,"57":4,"58":6,"59":6,"60":6,"61":6,"62":1,"63":1,"64":6,"65":1,"66":1},"f":{"0":11,"1":18,"2":4,"3":3,"4":1},"b":{"0":[3,8],"1":[1,7],"2":[1,6],"3":[4,14],"4":[18,15],"5":[1,13],"6":[4,77],"7":[1,3],"8":[1,2],"9":[5,4],"10":[1,2],"11":[0,9],"12":[9,1],"13":[1,8],"14":[9,1],"15":[3,5],"16":[8,8]},"_coverageSchema":"43e27e138ebf9cfc5966b082cf9a028302ed4184","hash":"4f83fba42a7b112395f650e4246eb4cf148f2186"}
}
