TN:
SF:/home/mehdi/Bureau/ENSIIE-S3/UE_SOFTWARE_TESTING/TP2/tp-jest/sum.js
FN:1,sum
FNF:1
FNH:1
FNDA:1,sum
DA:2,1
DA:4,1
LF:2
LH:2
BRF:0
BRH:0
end_of_record
TN:
SF:/home/mehdi/Bureau/ENSIIE-S3/UE_SOFTWARE_TESTING/TP2/tp-jest/src/interval.js
FN:2,(anonymous_0)
FN:7,(anonymous_1)
FN:25,(anonymous_2)
FN:45,(anonymous_3)
FN:65,(anonymous_4)
FN:85,(anonymous_5)
FN:105,(anonymous_6)
FNF:7
FNH:3
FNDA:12,(anonymous_0)
FNDA:0,(anonymous_1)
FNDA:3,(anonymous_2)
FNDA:3,(anonymous_3)
FNDA:0,(anonymous_4)
FNDA:0,(anonymous_5)
FNDA:0,(anonymous_6)
DA:3,12
DA:4,12
DA:8,0
DA:26,3
DA:46,3
DA:110,1
LF:6
LH:5
BRDA:26,0,0,3
BRDA:26,0,1,3
BRDA:46,1,0,3
BRDA:46,1,1,1
BRF:4
BRH:4
end_of_record
TN:
SF:/home/mehdi/Bureau/ENSIIE-S3/UE_SOFTWARE_TESTING/TP2/tp-jest/src/math.js
FN:2,(anonymous_0)
FN:26,(anonymous_1)
FN:49,(anonymous_2)
FN:80,(anonymous_3)
FN:112,(anonymous_4)
FNF:5
FNH:5
FNDA:11,(anonymous_0)
FNDA:18,(anonymous_1)
FNDA:4,(anonymous_2)
FNDA:3,(anonymous_3)
FNDA:1,(anonymous_4)
DA:1,1
DA:2,1
DA:3,11
DA:4,3
DA:7,8
DA:8,1
DA:11,7
DA:12,1
DA:15,6
DA:26,1
DA:27,18
DA:28,4
DA:30,14
DA:31,1
DA:33,13
DA:34,81
DA:35,9
DA:49,1
DA:51,4
DA:52,1
DA:55,3
DA:56,1
DA:58,2
DA:59,2
DA:60,2
DA:62,9
DA:63,9
DA:65,2
DA:80,1
DA:81,3
DA:82,1
DA:86,2
DA:88,2
DA:90,9
DA:93,2
DA:95,9
DA:96,9
DA:97,8
DA:99,2
DA:112,1
DA:115,1
DA:116,1
DA:117,1
DA:118,1
DA:119,1
DA:121,1
DA:124,4
DA:127,4
DA:129,6
DA:130,6
DA:131,6
DA:132,6
DA:136,1
DA:138,6
DA:140,1
DA:144,1
LF:56
LH:56
BRDA:3,0,0,3
BRDA:3,0,1,8
BRDA:7,1,0,1
BRDA:7,1,1,7
BRDA:11,2,0,1
BRDA:11,2,1,6
BRDA:27,3,0,4
BRDA:27,3,1,14
BRDA:27,4,0,18
BRDA:27,4,1,15
BRDA:30,5,0,1
BRDA:30,5,1,13
BRDA:34,6,0,4
BRDA:34,6,1,77
BRDA:51,7,0,1
BRDA:51,7,1,3
BRDA:55,8,0,1
BRDA:55,8,1,2
BRDA:62,9,0,5
BRDA:62,9,1,4
BRDA:81,10,0,1
BRDA:81,10,1,2
BRDA:95,11,0,0
BRDA:95,11,1,9
BRDA:95,12,0,9
BRDA:95,12,1,1
BRDA:96,13,0,1
BRDA:96,13,1,8
BRDA:96,14,0,9
BRDA:96,14,1,1
BRDA:97,15,0,3
BRDA:97,15,1,5
BRDA:97,16,0,8
BRDA:97,16,1,8
BRF:34
BRH:33
end_of_record
