TN:
SF:/home/mehdi/Bureau/ENSIIE-S3/UE_SOFTWARE_TESTING/TP2/tp-jest/sum.js
FN:1,sum
FNF:1
FNH:1
FNDA:1,sum
DA:2,1
DA:4,1
LF:2
LH:2
BRF:0
BRH:0
end_of_record
TN:
SF:/home/mehdi/Bureau/ENSIIE-S3/UE_SOFTWARE_TESTING/TP2/tp-jest/src/interval.js
FN:2,(anonymous_0)
FN:7,(anonymous_1)
FN:25,(anonymous_2)
FN:45,(anonymous_3)
FN:64,(anonymous_4)
FN:128,(anonymous_5)
FN:172,(anonymous_6)
FNF:7
FNH:6
FNDA:31,(anonymous_0)
FNDA:0,(anonymous_1)
FNDA:12,(anonymous_2)
FNDA:7,(anonymous_3)
FNDA:2,(anonymous_4)
FNDA:4,(anonymous_5)
FNDA:2,(anonymous_6)
DA:3,31
DA:4,31
DA:8,0
DA:26,12
DA:46,7
DA:67,2
DA:69,2
DA:71,1
DA:72,0
DA:74,1
DA:75,0
DA:77,1
DA:79,1
DA:81,5
DA:83,1
DA:86,1
DA:88,1
DA:90,1
DA:91,1
DA:95,0
DA:98,1
DA:100,3
DA:103,1
DA:105,4
DA:108,1
DA:130,4
DA:132,4
DA:134,1
DA:136,4
DA:139,1
DA:142,3
DA:144,2
DA:146,7
DA:149,2
DA:152,1
DA:174,2
DA:176,2
DA:181,1
DA:183,1
DA:186,1
DA:188,2
DA:190,1
DA:193,1
DA:195,1
DA:197,3
DA:200,1
DA:202,3
DA:204,1
DA:210,1
LF:49
LH:45
BRDA:26,0,0,12
BRDA:26,0,1,7
BRDA:46,1,0,7
BRDA:46,1,1,2
BRDA:69,2,0,1
BRDA:69,2,1,1
BRDA:71,3,0,1
BRDA:71,3,1,0
BRDA:74,4,0,1
BRDA:74,4,1,0
BRDA:86,5,0,1
BRDA:86,5,1,0
BRDA:88,6,0,1
BRDA:88,6,1,0
BRDA:88,7,0,1
BRDA:88,7,1,1
BRDA:132,8,0,1
BRDA:132,8,1,3
BRDA:142,9,0,2
BRDA:142,9,1,1
BRDA:176,10,0,1
BRDA:176,10,1,1
BRDA:193,11,0,1
BRDA:193,11,1,0
BRF:24
BRH:19
end_of_record
TN:
SF:/home/mehdi/Bureau/ENSIIE-S3/UE_SOFTWARE_TESTING/TP2/tp-jest/src/math.js
FN:2,(anonymous_0)
FN:26,(anonymous_1)
FN:49,(anonymous_2)
FN:80,(anonymous_3)
FN:112,(anonymous_4)
FN:144,(anonymous_5)
FNF:6
FNH:6
FNDA:11,(anonymous_0)
FNDA:18,(anonymous_1)
FNDA:4,(anonymous_2)
FNDA:3,(anonymous_3)
FNDA:2,(anonymous_4)
FNDA:6,(anonymous_5)
DA:1,1
DA:2,1
DA:3,11
DA:4,3
DA:7,8
DA:8,1
DA:11,7
DA:12,1
DA:15,6
DA:26,1
DA:27,18
DA:28,4
DA:30,14
DA:31,1
DA:33,13
DA:34,81
DA:35,9
DA:49,1
DA:51,4
DA:52,1
DA:55,3
DA:56,1
DA:58,2
DA:59,2
DA:60,2
DA:62,9
DA:63,9
DA:65,2
DA:80,1
DA:81,3
DA:82,1
DA:86,2
DA:88,2
DA:90,9
DA:93,2
DA:95,9
DA:96,9
DA:97,8
DA:99,2
DA:112,1
DA:142,2
DA:143,2
DA:144,2
DA:146,6
DA:147,6
DA:148,6
DA:149,6
DA:151,2
DA:155,1
LF:49
LH:49
BRDA:3,0,0,3
BRDA:3,0,1,8
BRDA:7,1,0,1
BRDA:7,1,1,7
BRDA:11,2,0,1
BRDA:11,2,1,6
BRDA:27,3,0,4
BRDA:27,3,1,14
BRDA:27,4,0,18
BRDA:27,4,1,15
BRDA:30,5,0,1
BRDA:30,5,1,13
BRDA:34,6,0,4
BRDA:34,6,1,77
BRDA:51,7,0,1
BRDA:51,7,1,3
BRDA:55,8,0,1
BRDA:55,8,1,2
BRDA:62,9,0,5
BRDA:62,9,1,4
BRDA:81,10,0,1
BRDA:81,10,1,2
BRDA:95,11,0,0
BRDA:95,11,1,9
BRDA:95,12,0,9
BRDA:95,12,1,1
BRDA:96,13,0,1
BRDA:96,13,1,8
BRDA:96,14,0,9
BRDA:96,14,1,1
BRDA:97,15,0,3
BRDA:97,15,1,5
BRDA:97,16,0,8
BRDA:97,16,1,8
BRDA:147,17,0,0
BRDA:147,17,1,6
BRDA:148,18,0,0
BRDA:148,18,1,6
BRF:38
BRH:35
end_of_record
